2021-05-27 14:11:36,539 -INFO- APP IS ACTIVE - user_func
2021-05-27 14:11:48,290 -INFO- 
            Find account without filters!
             - user
2021-05-27 14:11:48,369 -INFO- 
            ACCOUNT WAS GOT SUCCESSFULLY!
            login: dimon1999,
            password: qertty2ds,
            link: https://steamcommunity.com/profiles/76561198100095400/
             - user_func
2021-05-27 14:11:49,829 -INFO- 
            ACCOUNT WAS NOT GOT!
            ERROR
                 - user_func
2021-05-27 14:11:52,340 -INFO- App was closed - user_func
2021-05-27 14:12:31,409 - INFO - APP IS ACTIVE
2021-05-27 14:12:33,369 - INFO - 
            Find account without filters!
            
2021-05-27 14:12:33,450 - INFO - 
            ACCOUNT WAS GOT SUCCESSFULLY!
            login: ruslan20445,
            password: mogert2004,
            link: https://steamcommunity.com/id/FuckThisProfile
            
2021-05-27 14:12:45,659 - INFO - 
            Find account with link filter!
            link:https://steamcommunity.com/profiles/76561198344846371
            
2021-05-27 14:12:45,725 - INFO - 
            ACCOUNT WAS GOT SUCCESSFULLY!
            login: samurai2,
            password: lolkerk231,
            link: https://steamcommunity.com/profiles/76561198344846371
            
2021-05-27 14:12:57,834 - INFO - 
                    Find account with login + password filter!
                    login: pavlin4ik,
                    password: goddamn
                    
2021-05-27 14:12:57,943 - INFO - 
            ACCOUNT WAS GOT SUCCESSFULLY!
            login: pavlin4ik,
            password: goddamn,
            link: https://steamcommunity.com/id/Pavlin4ik/
            
2021-05-27 14:13:01,299 - INFO - App was closed
2021-05-27 18:14:32,462 - INFO - APP IS ACTIVE
2021-05-27 18:14:41,784 - INFO - 
            Find account without filters!
            
2021-05-27 18:14:41,895 - INFO - 
            ACCOUNT WAS GOT SUCCESSFULLY!
            login: srybro,
            password: 6gyffggf,
            link: https://steamcommunity.com/profiles/76561198143518052
            
2021-05-27 18:15:03,211 - INFO - 
            ACCOUNT WAS NOT GOT!
            ERROR
                
2021-05-27 18:15:04,523 - INFO - 
            Find account without filters!
            
2021-05-27 18:15:04,601 - INFO - 
            ACCOUNT WAS GOT SUCCESSFULLY!
            login: mobakin2,
            password: xle68b,
            link: https://steamcommunity.com/id/MOBAKIN
            
2021-05-27 18:15:05,424 - INFO - 
            ACCOUNT WAS NOT GOT!
            ERROR
                
2021-05-27 18:15:06,149 - INFO - 
            Find account without filters!
            
2021-05-27 18:15:06,209 - INFO - 
            ACCOUNT WAS GOT SUCCESSFULLY!
            login: metangus321,
            password: dasfgh,
            link: https://steamcommunity.com/id/metang
            
2021-05-27 18:15:06,835 - INFO - 
            ACCOUNT WAS NOT GOT!
            ERROR
                
2021-05-27 18:15:07,491 - INFO - 
            Find account without filters!
            
2021-05-27 18:15:07,569 - INFO - 
            ACCOUNT WAS GOT SUCCESSFULLY!
            login: furkansiic,
            password: sadfng231,
            link: https://steamcommunity.com/id/furkanisaac
            
2021-05-27 18:15:08,401 - INFO - 
            ACCOUNT WAS NOT GOT!
            ERROR
                
2021-05-27 18:15:09,595 - INFO - 
            Find account without filters!
            
2021-05-27 18:15:10,139 - INFO - 
            ACCOUNT WAS NOT GOT!
            ALL ACCOUNTS WERE SOLD
            
2021-05-27 18:15:13,015 - INFO - 
            Find account without filters!
            
2021-05-27 18:15:13,559 - INFO - 
            ACCOUNT WAS NOT GOT!
            ALL ACCOUNTS WERE SOLD
            
2021-05-27 18:15:44,575 - INFO - 
            Find account without filters!
            
2021-05-27 18:15:45,128 - INFO - 
            ACCOUNT WAS NOT GOT!
            ALL ACCOUNTS WERE SOLD
            
2021-05-27 18:15:49,634 - INFO - 
            Find account without filters!
            
2021-05-27 18:15:50,186 - INFO - 
            ACCOUNT WAS NOT GOT!
            ALL ACCOUNTS WERE SOLD
            
2021-05-27 18:15:54,525 - INFO - 
            Find account without filters!
            
2021-05-27 18:15:55,072 - INFO - 
            ACCOUNT WAS NOT GOT!
            ALL ACCOUNTS WERE SOLD
            
2021-05-27 18:15:57,175 - INFO - App was closed
2021-05-28 19:15:36,341 - INFO - APP IS ACTIVE
2021-05-28 19:17:51,291 - INFO - 
            Account SUCCESSFULLY ADDED!
            login: ildarus785,
            password: eryhfer2
            link: https://steamcommunity.com/id/worstthanu
            
2021-05-28 19:17:51,291 - INFO - None
2021-05-28 19:20:22,019 - INFO - App was closed
2021-05-28 19:20:25,453 - INFO - APP IS ACTIVE
2021-05-28 19:20:45,489 - INFO - 
                        Account WASNT ADDED
                        login: gagalox223,
                        password: loxgagus23
                        link: https://steamcommunity.com/id/gagawomka223
                        
2021-05-28 19:25:27,962 - INFO - 
                        Account WASNT ADDED
                        login: biggeshakur,
                        password: yf34555hf
                        link: https://steamcommunity.com/id/biggieshakur
                        
2021-05-28 19:26:44,876 - INFO - App was closed
2021-05-28 19:26:53,986 - INFO - APP IS ACTIVE
2021-05-28 19:27:49,466 - INFO - APP IS ACTIVE
2021-05-28 19:28:51,423 - INFO - APP IS ACTIVE
2021-05-28 19:29:53,810 - INFO - 
                        Account WASNT ADDED
                        login: birkinbh,
                        password: ehytrjerhn
                        link: https://steamcommunity.com/id/BirkinBH
                        
2021-05-28 19:30:27,701 - INFO - APP IS ACTIVE
2021-05-28 19:30:49,202 - INFO - 
                        Account WASNT ADDED
                        login: birkibh,
                        password: kuyityfg
                        link: https://steamcommunity.com/id/BirkinBH
                        
2021-05-28 19:31:33,570 - INFO - 
                        Account WASNT ADDED
                        login: birkibh,
                        password: kuyityfg
                        link: https://steamcommunity.com/id/BirkinBH
                        
2021-05-28 19:32:48,501 - INFO - APP IS ACTIVE
2021-05-28 19:34:40,100 - INFO - 
                        Account WASNT ADDED
                        login: birkigngfd,
                        password: uyjtfghjfgh
                        link: https://steamcommunity.com/id/BirkinBH
                        
2021-05-28 19:34:48,498 - INFO - APP IS ACTIVE
2021-05-28 19:35:06,999 - INFO - APP IS ACTIVE
2021-05-28 19:37:29,840 - INFO - 
                        Account WASNT ADDED
                        login: biuyghj,
                        password: sdfgh
                        link: https://steamcommunity.com/id/BirkinBH
                        
2021-05-28 19:38:25,913 - INFO - APP IS ACTIVE
2021-05-28 19:38:41,108 - INFO - 
                        Account WASNT ADDED
                        login: 1324rwedf,
                        password: gtyhfgrt
                        link: https://steamcommunity.com/id/BirkinBH
                        
2021-05-28 19:40:18,674 - INFO - 
                        Account WASNT ADDED
                        login: 1324rwedf,
                        password: gtyhfgrt
                        link: https://steamcommunity.com/id/BirkinBH
                        
2021-05-28 19:41:03,623 - INFO - APP IS ACTIVE
2021-05-28 19:41:29,489 - INFO - 
            Account SUCCESSFULLY ADDED!
            login: hermant4,
            password: fhfgytrwg
            link: https://steamcommunity.com/id/Heramant
            
2021-05-28 19:41:29,489 - INFO - None
2021-05-28 19:43:04,338 - INFO - 
            Account SUCCESSFULLY ADDED!
            login: miki1234,
            password: gdfghjg
            link: https://steamcommunity.com/id/K-miK_10101
            
2021-05-28 19:43:04,338 - INFO - None
2021-05-28 19:47:43,720 - INFO - APP IS ACTIVE
2021-05-28 19:47:46,063 - INFO - 
                    Account WASNT ADDED
                    login: ,
                    password: 
                    link: 
                
2021-05-28 19:48:57,429 - INFO - APP IS ACTIVE
2021-05-28 19:48:59,468 - INFO - 
                    Account WASNT ADDED
                    login: ,
                    password: 
                    link: 
                
2021-05-28 19:49:03,755 - INFO - 
                    Account WASNT ADDED
                    login: ,
                    password: 
                    link: 
                
2021-05-28 19:49:23,119 - INFO - APP IS ACTIVE
2021-05-28 19:49:24,979 - INFO - 
                    Account WASNT ADDED
                    login: ,
                    password: 
                    link: 
                
2021-05-28 19:49:36,085 - INFO - APP IS ACTIVE
2021-05-28 19:49:38,139 - INFO - 
                    Account WASNT ADDED
                    login: ,
                    password: 
                    link: 
                
2021-05-28 19:49:39,860 - INFO - 
                    Account WASNT ADDED
                    login: ,
                    password: 
                    link: 
                
2021-05-28 19:49:41,525 - INFO - 
                    Account WASNT ADDED
                    login: ,
                    password: 
                    link: 
                
2021-05-28 19:49:47,059 - INFO - APP IS ACTIVE
2021-05-28 19:49:49,500 - INFO - 
                    Account WASNT ADDED
                    login: ,
                    password: 
                    link: 
                
2021-05-28 19:49:50,812 - INFO - 
                    Account WASNT ADDED
                    login: ,
                    password: 
                    link: 
                
2021-05-28 19:49:57,003 - INFO - 
                    Account WASNT ADDED
                    login: ,
                    password: 
                    link: 
                
2021-05-28 19:52:32,922 - INFO - APP IS ACTIVE
2021-05-28 19:52:34,873 - INFO - 
                    Account WASNT ADDED
                    login: ,
                    password: 
                    link: 
                
2021-05-28 19:53:51,614 - INFO - 
            Account SUCCESSFULLY ADDED!
            login: st4ck,
            password: bightrfdg
            link: https://steamcommunity.com/id/St4ck
            
2021-05-28 19:53:51,614 - INFO - None
2021-05-28 19:54:05,975 - INFO - 
                        Account WASNT ADDED
                        login: st4ck,
                        password: bightrfdg
                        link: https://steamcommunity.com/id/St4ck
                        
2021-05-28 19:54:40,584 - INFO - 
            Find account without filters!
            
2021-05-28 19:54:40,693 - INFO - 
            ACCOUNT WAS GOT SUCCESSFULLY!
            login: ildarus785,
            password: eryhfer2,
            link: https://steamcommunity.com/id/worstthanu
            
2021-05-28 19:54:42,917 - INFO - 
            ACCOUNT WAS NOT GOT!
            ERROR
                
2021-05-28 19:54:51,776 - INFO - 
            Find account without filters!
            
2021-05-28 19:54:52,343 - INFO - 
            ACCOUNT WAS NOT GOT!
            ALL ACCOUNTS WERE SOLD
            
2021-05-28 19:55:01,887 - INFO - 
            Find account without filters!
            
2021-05-28 19:55:01,950 - INFO - 
            ACCOUNT WAS GOT SUCCESSFULLY!
            login: kakoytomajor,
            password: asfgerdhf,
            link: https://steamcommunity.com/id/strykery
            
2021-05-28 19:55:46,203 - INFO - App was closed
2021-05-28 20:04:18,963 - INFO - APP IS ACTIVE
2021-05-28 20:04:21,205 - INFO - 
                    Account WASNT ADDED
                    login: ,
                    password: 
                    link: 
                
2021-05-28 20:04:25,361 - INFO - App was closed
2021-05-28 20:04:36,949 - INFO - APP IS ACTIVE
2021-05-28 20:04:39,047 - INFO - 
                    Account WASNT ADDED
                    login: ,
                    password: 
                    link: 
                
2021-05-28 20:04:41,674 - INFO - 
                    Account WASNT ADDED
                    login: ,
                    password: 
                    link: 
                
2021-05-28 20:06:48,097 - INFO - APP IS ACTIVE
2021-05-28 20:07:35,935 - INFO - 
            Account SUCCESSFULLY ADDED!
            login: befursZock,
            password: tyrjyrf
            link: https://steamcommunity.com/profiles/76561198062673538
            
2021-05-28 20:07:35,935 - INFO - None
2021-05-28 20:08:30,566 - INFO - APP IS ACTIVE
2021-05-28 20:09:02,086 - INFO - 
            Account SUCCESSFULLY ADDED!
            login: evgeniy32,
            password: ytugyihuij
            link: https://steamcommunity.com/id/DoomedAndCursed
            
2021-05-28 20:09:02,086 - INFO - None
2021-05-28 20:09:59,142 - INFO - APP IS ACTIVE
2021-05-28 20:10:01,091 - INFO - 
                    Account WASNT ADDED
                    login: ,
                    password: 
                    link: 
                
2021-05-28 20:10:16,914 - INFO - APP IS ACTIVE
2021-05-28 20:10:19,032 - INFO - 
                    Account WASNT ADDED
                    login: ,
                    password: 
                    link: 
                
2021-05-28 20:10:29,990 - INFO - 
                    Account WASNT ADDED
                    login: ,
                    password: 
                    link: 
                
2021-05-28 20:11:04,662 - INFO - 
            Account SUCCESSFULLY ADDED!
            login: darkzony,
            password: 123refsd
            link: https://steamcommunity.com/id/darkzone1337
            
2021-05-28 20:11:04,662 - INFO - None
2021-05-28 20:12:36,619 - INFO - APP IS ACTIVE
2021-05-28 20:13:25,576 - INFO - 
            Account SUCCESSFULLY ADDED!
            login: bEkki,
            password: segdfhg
            link: https://steamcommunity.com/id/bekkii
            
2021-05-28 20:13:25,576 - INFO - None
2021-05-28 20:14:33,838 - INFO - APP IS ACTIVE
2021-05-28 20:14:50,972 - INFO - 
                        Account WASNT ADDED
                        login: nacho_,
                        password: 23erer
                        link: https://steamcommunity.com/id/Nacho_
                        
2021-05-28 20:15:04,803 - INFO - APP IS ACTIVE
2021-05-28 20:15:13,598 - INFO - 
                        Account WASNT ADDED
                        login: nacofdgh,
                        password: gfhj
                        link: https://steamcommunity.com/id/Nacho_
                        
2021-05-28 20:15:21,630 - INFO - App was closed
2021-05-28 20:15:47,448 - INFO - APP IS ACTIVE
2021-05-28 20:15:54,724 - INFO - 
                        Account WASNT ADDED
                        login: navo,
                        password: asdgfd
                        link: https://steamcommunity.com/id/Nacho_
                        
2021-05-28 20:16:04,167 - INFO - APP IS ACTIVE
2021-05-28 20:16:06,595 - INFO - 
                    Account WASNT ADDED
                    login: ,
                    password: 
                    link: https://steamcommunity.com/id/Nacho_
                
2021-05-28 20:16:46,615 - INFO - 
            Account SUCCESSFULLY ADDED!
            login: dubby,
            password: sfhgjrtfg
            link: https://steamcommunity.com/id/buddybear1337
            
2021-05-28 20:16:46,615 - INFO - None
2021-05-28 20:17:37,737 - INFO - APP IS ACTIVE
2021-05-28 20:17:43,477 - INFO - 
                        Account WASNT ADDED
                        login: fsgd,
                        password: fgsd
                        link: self.ui.pls_wait_msg.hide()
                        
2021-05-28 20:19:06,512 - INFO - App was closed
2021-06-15 16:57:04,538 - INFO - APP IS ACTIVE
2021-06-15 16:57:17,305 - INFO - 
            Find account without filters!
            
2021-06-15 16:57:17,447 - INFO - 
            ACCOUNT WAS GOT SUCCESSFULLY!
            login: gagalox223,
            password: loxgagus23,
            link: https://steamcommunity.com/id/gagawomka223
            
2021-06-15 16:57:37,116 - INFO - App was closed
2021-06-15 17:07:35,431 - INFO - APP IS ACTIVE
2021-06-15 17:07:40,570 - INFO - 
            Find account without filters!
            
2021-06-15 17:07:40,659 - INFO - 
            ACCOUNT WAS GOT SUCCESSFULLY!
            login: biggeshakur,
            password: yf34555hf,
            link: https://steamcommunity.com/id/biggieshakur
            
2021-06-15 17:07:42,019 - INFO - 
            ACCOUNT WAS NOT GOT!
            ERROR
                
2021-06-15 17:07:45,259 - INFO - App was closed
2021-06-15 17:13:06,662 - INFO - APP IS ACTIVE
2021-06-15 17:13:09,952 - INFO - 
            Find account without filters!
            
2021-06-15 17:13:10,022 - INFO - 
            ACCOUNT WAS GOT SUCCESSFULLY!
            login: hajo,
            password: wesrfegrh3,
            link: https://steamcommunity.com/id/sinsrebellion
            
2021-06-15 17:13:27,401 - INFO - App was closed
2021-06-15 17:14:57,716 - INFO - APP IS ACTIVE
2021-06-15 17:15:00,597 - INFO - 
            Find account without filters!
            
2021-06-15 17:15:00,667 - INFO - 
            ACCOUNT WAS GOT SUCCESSFULLY!
            login: 1324rwedf,
            password: gtyhfgrt,
            link: https://steamcommunity.com/id/BirkinBH
            
2021-06-15 17:15:07,401 - INFO - 
            Find account without filters!
            
2021-06-15 17:15:07,486 - INFO - 
            ACCOUNT WAS GOT SUCCESSFULLY!
            login: befursZock,
            password: tyrjyrf,
            link: https://steamcommunity.com/profiles/76561198062673538
            
2021-06-15 17:15:14,056 - INFO - App was closed
2021-06-15 17:15:23,157 - INFO - APP IS ACTIVE
2021-06-15 17:15:25,066 - INFO - 
            Find account without filters!
            
2021-06-15 17:15:25,141 - INFO - 
            ACCOUNT WAS GOT SUCCESSFULLY!
            login: hermant4,
            password: fhfgytrwg,
            link: https://steamcommunity.com/id/Heramant
            
2021-06-15 17:15:25,977 - INFO - 
            ACCOUNT WAS NOT GOT!
            ERROR
                
2021-06-15 17:15:31,926 - INFO - 
                    Account WASNT ADDED
                    login: ,
                    password: 
                    link: 
                
2021-06-15 17:15:35,106 - INFO - App was closed
2021-06-15 17:16:47,102 - INFO - APP IS ACTIVE
2021-06-15 17:17:02,466 - INFO - 
            Account SUCCESSFULLY ADDED!
            login: idkn46,
            password: randomsize
            link: https://steamcommunity.com/id/marinette26
            
2021-06-15 17:17:02,466 - INFO - None
2021-06-15 17:17:27,005 - INFO - App was closed
